<?xml version="1.0" encoding="UTF-8"?>
<!-- Generated by org.testng.reporters.JUnitXMLReporter -->
<testsuite ignored="2" hostname="LAPTOP-PEULBGIK" failures="0" tests="2" name="GRP-bvt" time="0.17" errors="0" timestamp="2022-06-10T12:09:16 IST">
  <testcase classname="pack2.TestNG_3" name="ctest" time="0.023"/>
  <testcase classname="pack2.TestNG_3" name="dtest" time="0.007"/>
  <testcase classname="pack2.TestNG_3" name="btest" time="0.0">
    <ignored/>
  </testcase> <!-- btest -->
  <testcase classname="pack2.TestNG_3" name="atest" time="0.0">
    <ignored/>
  </testcase> <!-- atest -->
</testsuite> <!-- GRP-bvt -->
